Debug.obj : error LNK2005: "struct ID3D11Device * g_pd3dDevice" (?g_pd3dDevice@@3PAUID3D11Device@@A) уже определен в AVP2010MapViewer.obj
Debug.obj : error LNK2005: "struct ID3D11Buffer * g_pVertexBuffer_stuff" (?g_pVertexBuffer_stuff@@3PAUID3D11Buffer@@A) уже определен в AVP2010MapViewer.obj
Debug.obj : error LNK2005: "struct ID3D11Buffer * g_pVertexBuffer_env" (?g_pVertexBuffer_env@@3PAUID3D11Buffer@@A) уже определен в AVP2010MapViewer.obj
Debug.obj : error LNK2005: "struct ID3D11Buffer * g_pIndexBuffer_env" (?g_pIndexBuffer_env@@3PAUID3D11Buffer@@A) уже определен в AVP2010MapViewer.obj
Debug.obj : error LNK2005: "struct Material * AVP_Materials" (?AVP_Materials@@3PAUMaterial@@A) уже определен в AVP2010MapViewer.obj
Debug.obj : error LNK2005: "struct hash_tree_node * hash_tree_mat" (?hash_tree_mat@@3PAUhash_tree_node@@A) уже определен в AVP2010MapViewer.obj
Debug.obj : error LNK2005: "struct hash_tree_node * hash_tree_texture" (?hash_tree_texture@@3PAUhash_tree_node@@A) уже определен в AVP2010MapViewer.obj
Debug.obj : error LNK2005: "struct ID3D11DeviceContext * g_pImmediateContext" (?g_pImmediateContext@@3PAUID3D11DeviceContext@@A) уже определен в AVP2010MapViewer.obj
Debug.obj : error LNK2005: "struct avp_texture * AVP_TEXTURES" (?AVP_TEXTURES@@3PAUavp_texture@@A) уже определен в AVP2010MapViewer.obj
Debug.obj : error LNK2005: "bool TEXTURES_NOT_LOADED" (?TEXTURES_NOT_LOADED@@3_NA) уже определен в AVP2010MapViewer.obj
Debug.obj : error LNK2005: "struct HINSTANCE__ * g_hInst" (?g_hInst@@3PAUHINSTANCE__@@A) уже определен в AVP2010MapViewer.obj
Debug.obj : error LNK2005: "struct HWND__ * g_hWnd" (?g_hWnd@@3PAUHWND__@@A) уже определен в AVP2010MapViewer.obj
Debug.obj : error LNK2005: "enum D3D_DRIVER_TYPE g_driverType" (?g_driverType@@3W4D3D_DRIVER_TYPE@@A) уже определен в AVP2010MapViewer.obj
Debug.obj : error LNK2005: "enum D3D_FEATURE_LEVEL g_featureLevel" (?g_featureLevel@@3W4D3D_FEATURE_LEVEL@@A) уже определен в AVP2010MapViewer.obj
Debug.obj : error LNK2005: "struct ID3D11Device1 * g_pd3dDevice1" (?g_pd3dDevice1@@3PAUID3D11Device1@@A) уже определен в AVP2010MapViewer.obj
Debug.obj : error LNK2005: "struct ID3D11DeviceContext1 * g_pImmediateContext1" (?g_pImmediateContext1@@3PAUID3D11DeviceContext1@@A) уже определен в AVP2010MapViewer.obj
Debug.obj : error LNK2005: "struct IDXGISwapChain * g_pSwapChain" (?g_pSwapChain@@3PAUIDXGISwapChain@@A) уже определен в AVP2010MapViewer.obj
Debug.obj : error LNK2005: "struct IDXGISwapChain1 * g_pSwapChain1" (?g_pSwapChain1@@3PAUIDXGISwapChain1@@A) уже определен в AVP2010MapViewer.obj
Debug.obj : error LNK2005: "struct ID3D11RenderTargetView * g_pRenderTargetView" (?g_pRenderTargetView@@3PAUID3D11RenderTargetView@@A) уже определен в AVP2010MapViewer.obj
Debug.obj : error LNK2005: "struct ID3D11VertexShader * g_pVertexShader" (?g_pVertexShader@@3PAUID3D11VertexShader@@A) уже определен в AVP2010MapViewer.obj
Debug.obj : error LNK2005: "struct ID3D11PixelShader * g_pPixelShader" (?g_pPixelShader@@3PAUID3D11PixelShader@@A) уже определен в AVP2010MapViewer.obj
Debug.obj : error LNK2005: "struct ID3D11InputLayout * g_pVertexLayout" (?g_pVertexLayout@@3PAUID3D11InputLayout@@A) уже определен в AVP2010MapViewer.obj
Debug.obj : error LNK2005: "struct ID3D11Buffer * g_pConstantBuffer" (?g_pConstantBuffer@@3PAUID3D11Buffer@@A) уже определен в AVP2010MapViewer.obj
Debug.obj : error LNK2005: "struct ID3D11RasterizerState * g_Env_RS" (?g_Env_RS@@3PAUID3D11RasterizerState@@A) уже определен в AVP2010MapViewer.obj
Debug.obj : error LNK2005: "struct ID3D11RasterizerState * g_Wireframe_RS" (?g_Wireframe_RS@@3PAUID3D11RasterizerState@@A) уже определен в AVP2010MapViewer.obj
Debug.obj : error LNK2005: "struct ID3D11DepthStencilState * * g_ppDSState" (?g_ppDSState@@3PAPAUID3D11DepthStencilState@@A) уже определен в AVP2010MapViewer.obj
Debug.obj : error LNK2005: "struct ID3D11Texture2D * * g_ppTexture_1" (?g_ppTexture_1@@3PAPAUID3D11Texture2D@@A) уже определен в AVP2010MapViewer.obj
Debug.obj : error LNK2005: "struct Map_mesh_info * Mesh_info_structs" (?Mesh_info_structs@@3PAUMap_mesh_info@@A) уже определен в AVP2010MapViewer.obj
Debug.obj : error LNK2005: "struct DirectX::XMMATRIX g_World" (?g_World@@3UXMMATRIX@DirectX@@A) уже определен в AVP2010MapViewer.obj
Debug.obj : error LNK2005: "struct DirectX::XMMATRIX g_View" (?g_View@@3UXMMATRIX@DirectX@@A) уже определен в AVP2010MapViewer.obj
Debug.obj : error LNK2005: "struct DirectX::XMMATRIX g_Projection" (?g_Projection@@3UXMMATRIX@DirectX@@A) уже определен в AVP2010MapViewer.obj
Debug.obj : error LNK2005: "float pos_x" (?pos_x@@3MA) уже определен в AVP2010MapViewer.obj
Debug.obj : error LNK2005: "float pos_y" (?pos_y@@3MA) уже определен в AVP2010MapViewer.obj
Debug.obj : error LNK2005: "float pos_z" (?pos_z@@3MA) уже определен в AVP2010MapViewer.obj
Debug.obj : error LNK2005: "float g_alpha" (?g_alpha@@3MA) уже определен в AVP2010MapViewer.obj
Debug.obj : error LNK2005: "float g_beta" (?g_beta@@3MA) уже определен в AVP2010MapViewer.obj
Debug.obj : error LNK2005: "unsigned long g_points_stuff" (?g_points_stuff@@3KA) уже определен в AVP2010MapViewer.obj
Debug.obj : error LNK2005: "unsigned long g_total_meshes" (?g_total_meshes@@3KA) уже определен в AVP2010MapViewer.obj
Debug.obj : error LNK2005: "unsigned char * g_mesh_vis" (?g_mesh_vis@@3PAEA) уже определен в AVP2010MapViewer.obj
Debug.obj : error LNK2005: "int g_last_x" (?g_last_x@@3HA) уже определен в AVP2010MapViewer.obj
Debug.obj : error LNK2005: "int g_last_y" (?g_last_y@@3HA) уже определен в AVP2010MapViewer.obj
Debug.obj : error LNK2005: "int g_framecount" (?g_framecount@@3HA) уже определен в AVP2010MapViewer.obj
Debug.obj : error LNK2005: "float vis_radius" (?vis_radius@@3MA) уже определен в AVP2010MapViewer.obj
Debug.obj : error LNK2005: "struct list_node * mat_nodes" (?mat_nodes@@3PAUlist_node@@A) уже определен в AVP2010MapViewer.obj
Debug.obj : error LNK2005: "class std::vector<struct bbox,class std::allocator<struct bbox> > g_bboxes" (?g_bboxes@@3V?$vector@Ubbox@@V?$allocator@Ubbox@@@std@@@std@@A) уже определен в AVP2010MapViewer.obj
Hash_tree.obj : error LNK2005: "struct ID3D11Device * g_pd3dDevice" (?g_pd3dDevice@@3PAUID3D11Device@@A) уже определен в AVP2010MapViewer.obj
Hash_tree.obj : error LNK2005: "struct ID3D11Buffer * g_pVertexBuffer_stuff" (?g_pVertexBuffer_stuff@@3PAUID3D11Buffer@@A) уже определен в AVP2010MapViewer.obj
Hash_tree.obj : error LNK2005: "struct ID3D11Buffer * g_pVertexBuffer_env" (?g_pVertexBuffer_env@@3PAUID3D11Buffer@@A) уже определен в AVP2010MapViewer.obj
Hash_tree.obj : error LNK2005: "struct ID3D11Buffer * g_pIndexBuffer_env" (?g_pIndexBuffer_env@@3PAUID3D11Buffer@@A) уже определен в AVP2010MapViewer.obj
Hash_tree.obj : error LNK2005: "struct Material * AVP_Materials" (?AVP_Materials@@3PAUMaterial@@A) уже определен в AVP2010MapViewer.obj
Hash_tree.obj : error LNK2005: "struct hash_tree_node * hash_tree_mat" (?hash_tree_mat@@3PAUhash_tree_node@@A) уже определен в AVP2010MapViewer.obj
Hash_tree.obj : error LNK2005: "struct hash_tree_node * hash_tree_texture" (?hash_tree_texture@@3PAUhash_tree_node@@A) уже определен в AVP2010MapViewer.obj
Hash_tree.obj : error LNK2005: "struct ID3D11DeviceContext * g_pImmediateContext" (?g_pImmediateContext@@3PAUID3D11DeviceContext@@A) уже определен в AVP2010MapViewer.obj
Hash_tree.obj : error LNK2005: "struct avp_texture * AVP_TEXTURES" (?AVP_TEXTURES@@3PAUavp_texture@@A) уже определен в AVP2010MapViewer.obj
Hash_tree.obj : error LNK2005: "bool TEXTURES_NOT_LOADED" (?TEXTURES_NOT_LOADED@@3_NA) уже определен в AVP2010MapViewer.obj
Hash_tree.obj : error LNK2005: "struct HINSTANCE__ * g_hInst" (?g_hInst@@3PAUHINSTANCE__@@A) уже определен в AVP2010MapViewer.obj
Hash_tree.obj : error LNK2005: "struct HWND__ * g_hWnd" (?g_hWnd@@3PAUHWND__@@A) уже определен в AVP2010MapViewer.obj
Hash_tree.obj : error LNK2005: "enum D3D_DRIVER_TYPE g_driverType" (?g_driverType@@3W4D3D_DRIVER_TYPE@@A) уже определен в AVP2010MapViewer.obj
Hash_tree.obj : error LNK2005: "enum D3D_FEATURE_LEVEL g_featureLevel" (?g_featureLevel@@3W4D3D_FEATURE_LEVEL@@A) уже определен в AVP2010MapViewer.obj
Hash_tree.obj : error LNK2005: "struct ID3D11Device1 * g_pd3dDevice1" (?g_pd3dDevice1@@3PAUID3D11Device1@@A) уже определен в AVP2010MapViewer.obj
Hash_tree.obj : error LNK2005: "struct ID3D11DeviceContext1 * g_pImmediateContext1" (?g_pImmediateContext1@@3PAUID3D11DeviceContext1@@A) уже определен в AVP2010MapViewer.obj
Hash_tree.obj : error LNK2005: "struct IDXGISwapChain * g_pSwapChain" (?g_pSwapChain@@3PAUIDXGISwapChain@@A) уже определен в AVP2010MapViewer.obj
Hash_tree.obj : error LNK2005: "struct IDXGISwapChain1 * g_pSwapChain1" (?g_pSwapChain1@@3PAUIDXGISwapChain1@@A) уже определен в AVP2010MapViewer.obj
Hash_tree.obj : error LNK2005: "struct ID3D11RenderTargetView * g_pRenderTargetView" (?g_pRenderTargetView@@3PAUID3D11RenderTargetView@@A) уже определен в AVP2010MapViewer.obj
Hash_tree.obj : error LNK2005: "struct ID3D11VertexShader * g_pVertexShader" (?g_pVertexShader@@3PAUID3D11VertexShader@@A) уже определен в AVP2010MapViewer.obj
Hash_tree.obj : error LNK2005: "struct ID3D11PixelShader * g_pPixelShader" (?g_pPixelShader@@3PAUID3D11PixelShader@@A) уже определен в AVP2010MapViewer.obj
Hash_tree.obj : error LNK2005: "struct ID3D11InputLayout * g_pVertexLayout" (?g_pVertexLayout@@3PAUID3D11InputLayout@@A) уже определен в AVP2010MapViewer.obj
Hash_tree.obj : error LNK2005: "struct ID3D11Buffer * g_pConstantBuffer" (?g_pConstantBuffer@@3PAUID3D11Buffer@@A) уже определен в AVP2010MapViewer.obj
Hash_tree.obj : error LNK2005: "struct ID3D11RasterizerState * g_Env_RS" (?g_Env_RS@@3PAUID3D11RasterizerState@@A) уже определен в AVP2010MapViewer.obj
Hash_tree.obj : error LNK2005: "struct ID3D11RasterizerState * g_Wireframe_RS" (?g_Wireframe_RS@@3PAUID3D11RasterizerState@@A) уже определен в AVP2010MapViewer.obj
Hash_tree.obj : error LNK2005: "struct ID3D11DepthStencilState * * g_ppDSState" (?g_ppDSState@@3PAPAUID3D11DepthStencilState@@A) уже определен в AVP2010MapViewer.obj
Hash_tree.obj : error LNK2005: "struct ID3D11Texture2D * * g_ppTexture_1" (?g_ppTexture_1@@3PAPAUID3D11Texture2D@@A) уже определен в AVP2010MapViewer.obj
Hash_tree.obj : error LNK2005: "struct Map_mesh_info * Mesh_info_structs" (?Mesh_info_structs@@3PAUMap_mesh_info@@A) уже определен в AVP2010MapViewer.obj
Hash_tree.obj : error LNK2005: "struct DirectX::XMMATRIX g_World" (?g_World@@3UXMMATRIX@DirectX@@A) уже определен в AVP2010MapViewer.obj
Hash_tree.obj : error LNK2005: "struct DirectX::XMMATRIX g_View" (?g_View@@3UXMMATRIX@DirectX@@A) уже определен в AVP2010MapViewer.obj
Hash_tree.obj : error LNK2005: "struct DirectX::XMMATRIX g_Projection" (?g_Projection@@3UXMMATRIX@DirectX@@A) уже определен в AVP2010MapViewer.obj
Hash_tree.obj : error LNK2005: "float pos_x" (?pos_x@@3MA) уже определен в AVP2010MapViewer.obj
Hash_tree.obj : error LNK2005: "float pos_y" (?pos_y@@3MA) уже определен в AVP2010MapViewer.obj
Hash_tree.obj : error LNK2005: "float pos_z" (?pos_z@@3MA) уже определен в AVP2010MapViewer.obj
Hash_tree.obj : error LNK2005: "float g_alpha" (?g_alpha@@3MA) уже определен в AVP2010MapViewer.obj
Hash_tree.obj : error LNK2005: "float g_beta" (?g_beta@@3MA) уже определен в AVP2010MapViewer.obj
Hash_tree.obj : error LNK2005: "unsigned long g_points_stuff" (?g_points_stuff@@3KA) уже определен в AVP2010MapViewer.obj
Hash_tree.obj : error LNK2005: "unsigned long g_total_meshes" (?g_total_meshes@@3KA) уже определен в AVP2010MapViewer.obj
Hash_tree.obj : error LNK2005: "unsigned char * g_mesh_vis" (?g_mesh_vis@@3PAEA) уже определен в AVP2010MapViewer.obj
Hash_tree.obj : error LNK2005: "int g_last_x" (?g_last_x@@3HA) уже определен в AVP2010MapViewer.obj
Hash_tree.obj : error LNK2005: "int g_last_y" (?g_last_y@@3HA) уже определен в AVP2010MapViewer.obj
Hash_tree.obj : error LNK2005: "int g_framecount" (?g_framecount@@3HA) уже определен в AVP2010MapViewer.obj
Hash_tree.obj : error LNK2005: "float vis_radius" (?vis_radius@@3MA) уже определен в AVP2010MapViewer.obj
Hash_tree.obj : error LNK2005: "struct list_node * mat_nodes" (?mat_nodes@@3PAUlist_node@@A) уже определен в AVP2010MapViewer.obj
Hash_tree.obj : error LNK2005: "class std::vector<struct bbox,class std::allocator<struct bbox> > g_bboxes" (?g_bboxes@@3V?$vector@Ubbox@@V?$allocator@Ubbox@@@std@@@std@@A) уже определен в AVP2010MapViewer.obj
Load_map.obj : error LNK2005: "struct ID3D11Device * g_pd3dDevice" (?g_pd3dDevice@@3PAUID3D11Device@@A) уже определен в AVP2010MapViewer.obj
Load_map.obj : error LNK2005: "struct ID3D11Buffer * g_pVertexBuffer_stuff" (?g_pVertexBuffer_stuff@@3PAUID3D11Buffer@@A) уже определен в AVP2010MapViewer.obj
Load_map.obj : error LNK2005: "struct ID3D11Buffer * g_pVertexBuffer_env" (?g_pVertexBuffer_env@@3PAUID3D11Buffer@@A) уже определен в AVP2010MapViewer.obj
Load_map.obj : error LNK2005: "struct ID3D11Buffer * g_pIndexBuffer_env" (?g_pIndexBuffer_env@@3PAUID3D11Buffer@@A) уже определен в AVP2010MapViewer.obj
Load_map.obj : error LNK2005: "struct Material * AVP_Materials" (?AVP_Materials@@3PAUMaterial@@A) уже определен в AVP2010MapViewer.obj
Load_map.obj : error LNK2005: "struct hash_tree_node * hash_tree_mat" (?hash_tree_mat@@3PAUhash_tree_node@@A) уже определен в AVP2010MapViewer.obj
Load_map.obj : error LNK2005: "struct hash_tree_node * hash_tree_texture" (?hash_tree_texture@@3PAUhash_tree_node@@A) уже определен в AVP2010MapViewer.obj
Load_map.obj : error LNK2005: "struct ID3D11DeviceContext * g_pImmediateContext" (?g_pImmediateContext@@3PAUID3D11DeviceContext@@A) уже определен в AVP2010MapViewer.obj
Load_map.obj : error LNK2005: "struct avp_texture * AVP_TEXTURES" (?AVP_TEXTURES@@3PAUavp_texture@@A) уже определен в AVP2010MapViewer.obj
Load_map.obj : error LNK2005: "bool TEXTURES_NOT_LOADED" (?TEXTURES_NOT_LOADED@@3_NA) уже определен в AVP2010MapViewer.obj
Load_map.obj : error LNK2005: "struct HINSTANCE__ * g_hInst" (?g_hInst@@3PAUHINSTANCE__@@A) уже определен в AVP2010MapViewer.obj
Load_map.obj : error LNK2005: "struct HWND__ * g_hWnd" (?g_hWnd@@3PAUHWND__@@A) уже определен в AVP2010MapViewer.obj
Load_map.obj : error LNK2005: "enum D3D_DRIVER_TYPE g_driverType" (?g_driverType@@3W4D3D_DRIVER_TYPE@@A) уже определен в AVP2010MapViewer.obj
Load_map.obj : error LNK2005: "enum D3D_FEATURE_LEVEL g_featureLevel" (?g_featureLevel@@3W4D3D_FEATURE_LEVEL@@A) уже определен в AVP2010MapViewer.obj
Load_map.obj : error LNK2005: "struct ID3D11Device1 * g_pd3dDevice1" (?g_pd3dDevice1@@3PAUID3D11Device1@@A) уже определен в AVP2010MapViewer.obj
Load_map.obj : error LNK2005: "struct ID3D11DeviceContext1 * g_pImmediateContext1" (?g_pImmediateContext1@@3PAUID3D11DeviceContext1@@A) уже определен в AVP2010MapViewer.obj
Load_map.obj : error LNK2005: "struct IDXGISwapChain * g_pSwapChain" (?g_pSwapChain@@3PAUIDXGISwapChain@@A) уже определен в AVP2010MapViewer.obj
Load_map.obj : error LNK2005: "struct IDXGISwapChain1 * g_pSwapChain1" (?g_pSwapChain1@@3PAUIDXGISwapChain1@@A) уже определен в AVP2010MapViewer.obj
Load_map.obj : error LNK2005: "struct ID3D11RenderTargetView * g_pRenderTargetView" (?g_pRenderTargetView@@3PAUID3D11RenderTargetView@@A) уже определен в AVP2010MapViewer.obj
Load_map.obj : error LNK2005: "struct ID3D11VertexShader * g_pVertexShader" (?g_pVertexShader@@3PAUID3D11VertexShader@@A) уже определен в AVP2010MapViewer.obj
Load_map.obj : error LNK2005: "struct ID3D11PixelShader * g_pPixelShader" (?g_pPixelShader@@3PAUID3D11PixelShader@@A) уже определен в AVP2010MapViewer.obj
Load_map.obj : error LNK2005: "struct ID3D11InputLayout * g_pVertexLayout" (?g_pVertexLayout@@3PAUID3D11InputLayout@@A) уже определен в AVP2010MapViewer.obj
Load_map.obj : error LNK2005: "struct ID3D11Buffer * g_pConstantBuffer" (?g_pConstantBuffer@@3PAUID3D11Buffer@@A) уже определен в AVP2010MapViewer.obj
Load_map.obj : error LNK2005: "struct ID3D11RasterizerState * g_Env_RS" (?g_Env_RS@@3PAUID3D11RasterizerState@@A) уже определен в AVP2010MapViewer.obj
Load_map.obj : error LNK2005: "struct ID3D11RasterizerState * g_Wireframe_RS" (?g_Wireframe_RS@@3PAUID3D11RasterizerState@@A) уже определен в AVP2010MapViewer.obj
Load_map.obj : error LNK2005: "struct ID3D11DepthStencilState * * g_ppDSState" (?g_ppDSState@@3PAPAUID3D11DepthStencilState@@A) уже определен в AVP2010MapViewer.obj
Load_map.obj : error LNK2005: "struct ID3D11Texture2D * * g_ppTexture_1" (?g_ppTexture_1@@3PAPAUID3D11Texture2D@@A) уже определен в AVP2010MapViewer.obj
Load_map.obj : error LNK2005: "struct Map_mesh_info * Mesh_info_structs" (?Mesh_info_structs@@3PAUMap_mesh_info@@A) уже определен в AVP2010MapViewer.obj
Load_map.obj : error LNK2005: "struct DirectX::XMMATRIX g_World" (?g_World@@3UXMMATRIX@DirectX@@A) уже определен в AVP2010MapViewer.obj
Load_map.obj : error LNK2005: "struct DirectX::XMMATRIX g_View" (?g_View@@3UXMMATRIX@DirectX@@A) уже определен в AVP2010MapViewer.obj
Load_map.obj : error LNK2005: "struct DirectX::XMMATRIX g_Projection" (?g_Projection@@3UXMMATRIX@DirectX@@A) уже определен в AVP2010MapViewer.obj
Load_map.obj : error LNK2005: "float pos_x" (?pos_x@@3MA) уже определен в AVP2010MapViewer.obj
Load_map.obj : error LNK2005: "float pos_y" (?pos_y@@3MA) уже определен в AVP2010MapViewer.obj
Load_map.obj : error LNK2005: "float pos_z" (?pos_z@@3MA) уже определен в AVP2010MapViewer.obj
Load_map.obj : error LNK2005: "float g_alpha" (?g_alpha@@3MA) уже определен в AVP2010MapViewer.obj
Load_map.obj : error LNK2005: "float g_beta" (?g_beta@@3MA) уже определен в AVP2010MapViewer.obj
Load_map.obj : error LNK2005: "unsigned long g_points_stuff" (?g_points_stuff@@3KA) уже определен в AVP2010MapViewer.obj
Load_map.obj : error LNK2005: "unsigned long g_total_meshes" (?g_total_meshes@@3KA) уже определен в AVP2010MapViewer.obj
Load_map.obj : error LNK2005: "unsigned char * g_mesh_vis" (?g_mesh_vis@@3PAEA) уже определен в AVP2010MapViewer.obj
Load_map.obj : error LNK2005: "int g_last_x" (?g_last_x@@3HA) уже определен в AVP2010MapViewer.obj
Load_map.obj : error LNK2005: "int g_last_y" (?g_last_y@@3HA) уже определен в AVP2010MapViewer.obj
Load_map.obj : error LNK2005: "int g_framecount" (?g_framecount@@3HA) уже определен в AVP2010MapViewer.obj
Load_map.obj : error LNK2005: "float vis_radius" (?vis_radius@@3MA) уже определен в AVP2010MapViewer.obj
Load_map.obj : error LNK2005: "struct list_node * mat_nodes" (?mat_nodes@@3PAUlist_node@@A) уже определен в AVP2010MapViewer.obj
Load_map.obj : error LNK2005: "class std::vector<struct bbox,class std::allocator<struct bbox> > g_bboxes" (?g_bboxes@@3V?$vector@Ubbox@@V?$allocator@Ubbox@@@std@@@std@@A) уже определен в AVP2010MapViewer.obj
Textures.obj : error LNK2005: "struct ID3D11Device * g_pd3dDevice" (?g_pd3dDevice@@3PAUID3D11Device@@A) уже определен в AVP2010MapViewer.obj
Textures.obj : error LNK2005: "struct ID3D11Buffer * g_pVertexBuffer_stuff" (?g_pVertexBuffer_stuff@@3PAUID3D11Buffer@@A) уже определен в AVP2010MapViewer.obj
Textures.obj : error LNK2005: "struct ID3D11Buffer * g_pVertexBuffer_env" (?g_pVertexBuffer_env@@3PAUID3D11Buffer@@A) уже определен в AVP2010MapViewer.obj
Textures.obj : error LNK2005: "struct ID3D11Buffer * g_pIndexBuffer_env" (?g_pIndexBuffer_env@@3PAUID3D11Buffer@@A) уже определен в AVP2010MapViewer.obj
Textures.obj : error LNK2005: "struct Material * AVP_Materials" (?AVP_Materials@@3PAUMaterial@@A) уже определен в AVP2010MapViewer.obj
Textures.obj : error LNK2005: "struct hash_tree_node * hash_tree_mat" (?hash_tree_mat@@3PAUhash_tree_node@@A) уже определен в AVP2010MapViewer.obj
Textures.obj : error LNK2005: "struct hash_tree_node * hash_tree_texture" (?hash_tree_texture@@3PAUhash_tree_node@@A) уже определен в AVP2010MapViewer.obj
Textures.obj : error LNK2005: "struct ID3D11DeviceContext * g_pImmediateContext" (?g_pImmediateContext@@3PAUID3D11DeviceContext@@A) уже определен в AVP2010MapViewer.obj
Textures.obj : error LNK2005: "struct avp_texture * AVP_TEXTURES" (?AVP_TEXTURES@@3PAUavp_texture@@A) уже определен в AVP2010MapViewer.obj
Textures.obj : error LNK2005: "bool TEXTURES_NOT_LOADED" (?TEXTURES_NOT_LOADED@@3_NA) уже определен в AVP2010MapViewer.obj
Textures.obj : error LNK2005: "struct HINSTANCE__ * g_hInst" (?g_hInst@@3PAUHINSTANCE__@@A) уже определен в AVP2010MapViewer.obj
Textures.obj : error LNK2005: "struct HWND__ * g_hWnd" (?g_hWnd@@3PAUHWND__@@A) уже определен в AVP2010MapViewer.obj
Textures.obj : error LNK2005: "enum D3D_DRIVER_TYPE g_driverType" (?g_driverType@@3W4D3D_DRIVER_TYPE@@A) уже определен в AVP2010MapViewer.obj
Textures.obj : error LNK2005: "enum D3D_FEATURE_LEVEL g_featureLevel" (?g_featureLevel@@3W4D3D_FEATURE_LEVEL@@A) уже определен в AVP2010MapViewer.obj
Textures.obj : error LNK2005: "struct ID3D11Device1 * g_pd3dDevice1" (?g_pd3dDevice1@@3PAUID3D11Device1@@A) уже определен в AVP2010MapViewer.obj
Textures.obj : error LNK2005: "struct ID3D11DeviceContext1 * g_pImmediateContext1" (?g_pImmediateContext1@@3PAUID3D11DeviceContext1@@A) уже определен в AVP2010MapViewer.obj
Textures.obj : error LNK2005: "struct IDXGISwapChain * g_pSwapChain" (?g_pSwapChain@@3PAUIDXGISwapChain@@A) уже определен в AVP2010MapViewer.obj
Textures.obj : error LNK2005: "struct IDXGISwapChain1 * g_pSwapChain1" (?g_pSwapChain1@@3PAUIDXGISwapChain1@@A) уже определен в AVP2010MapViewer.obj
Textures.obj : error LNK2005: "struct ID3D11RenderTargetView * g_pRenderTargetView" (?g_pRenderTargetView@@3PAUID3D11RenderTargetView@@A) уже определен в AVP2010MapViewer.obj
Textures.obj : error LNK2005: "struct ID3D11VertexShader * g_pVertexShader" (?g_pVertexShader@@3PAUID3D11VertexShader@@A) уже определен в AVP2010MapViewer.obj
Textures.obj : error LNK2005: "struct ID3D11PixelShader * g_pPixelShader" (?g_pPixelShader@@3PAUID3D11PixelShader@@A) уже определен в AVP2010MapViewer.obj
Textures.obj : error LNK2005: "struct ID3D11InputLayout * g_pVertexLayout" (?g_pVertexLayout@@3PAUID3D11InputLayout@@A) уже определен в AVP2010MapViewer.obj
Textures.obj : error LNK2005: "struct ID3D11Buffer * g_pConstantBuffer" (?g_pConstantBuffer@@3PAUID3D11Buffer@@A) уже определен в AVP2010MapViewer.obj
Textures.obj : error LNK2005: "struct ID3D11RasterizerState * g_Env_RS" (?g_Env_RS@@3PAUID3D11RasterizerState@@A) уже определен в AVP2010MapViewer.obj
Textures.obj : error LNK2005: "struct ID3D11RasterizerState * g_Wireframe_RS" (?g_Wireframe_RS@@3PAUID3D11RasterizerState@@A) уже определен в AVP2010MapViewer.obj
Textures.obj : error LNK2005: "struct ID3D11DepthStencilState * * g_ppDSState" (?g_ppDSState@@3PAPAUID3D11DepthStencilState@@A) уже определен в AVP2010MapViewer.obj
Textures.obj : error LNK2005: "struct ID3D11Texture2D * * g_ppTexture_1" (?g_ppTexture_1@@3PAPAUID3D11Texture2D@@A) уже определен в AVP2010MapViewer.obj
Textures.obj : error LNK2005: "struct Map_mesh_info * Mesh_info_structs" (?Mesh_info_structs@@3PAUMap_mesh_info@@A) уже определен в AVP2010MapViewer.obj
Textures.obj : error LNK2005: "struct DirectX::XMMATRIX g_World" (?g_World@@3UXMMATRIX@DirectX@@A) уже определен в AVP2010MapViewer.obj
Textures.obj : error LNK2005: "struct DirectX::XMMATRIX g_View" (?g_View@@3UXMMATRIX@DirectX@@A) уже определен в AVP2010MapViewer.obj
Textures.obj : error LNK2005: "struct DirectX::XMMATRIX g_Projection" (?g_Projection@@3UXMMATRIX@DirectX@@A) уже определен в AVP2010MapViewer.obj
Textures.obj : error LNK2005: "float pos_x" (?pos_x@@3MA) уже определен в AVP2010MapViewer.obj
Textures.obj : error LNK2005: "float pos_y" (?pos_y@@3MA) уже определен в AVP2010MapViewer.obj
Textures.obj : error LNK2005: "float pos_z" (?pos_z@@3MA) уже определен в AVP2010MapViewer.obj
Textures.obj : error LNK2005: "float g_alpha" (?g_alpha@@3MA) уже определен в AVP2010MapViewer.obj
Textures.obj : error LNK2005: "float g_beta" (?g_beta@@3MA) уже определен в AVP2010MapViewer.obj
Textures.obj : error LNK2005: "unsigned long g_points_stuff" (?g_points_stuff@@3KA) уже определен в AVP2010MapViewer.obj
Textures.obj : error LNK2005: "unsigned long g_total_meshes" (?g_total_meshes@@3KA) уже определен в AVP2010MapViewer.obj
Textures.obj : error LNK2005: "unsigned char * g_mesh_vis" (?g_mesh_vis@@3PAEA) уже определен в AVP2010MapViewer.obj
Textures.obj : error LNK2005: "int g_last_x" (?g_last_x@@3HA) уже определен в AVP2010MapViewer.obj
Textures.obj : error LNK2005: "int g_last_y" (?g_last_y@@3HA) уже определен в AVP2010MapViewer.obj
Textures.obj : error LNK2005: "int g_framecount" (?g_framecount@@3HA) уже определен в AVP2010MapViewer.obj
Textures.obj : error LNK2005: "float vis_radius" (?vis_radius@@3MA) уже определен в AVP2010MapViewer.obj
Textures.obj : error LNK2005: "struct list_node * mat_nodes" (?mat_nodes@@3PAUlist_node@@A) уже определен в AVP2010MapViewer.obj
Textures.obj : error LNK2005: "class std::vector<struct bbox,class std::allocator<struct bbox> > g_bboxes" (?g_bboxes@@3V?$vector@Ubbox@@V?$allocator@Ubbox@@@std@@@std@@A) уже определен в AVP2010MapViewer.obj
AVP2010MapViewer.obj : error LNK2019: ссылка на неразрешенный внешний символ _D3D11CreateDeviceAndSwapChain@48 в функции "long __cdecl InitDevice(void)" (?InitDevice@@YAJXZ)
C:\Users\TROLOLP\source\repos\AVP2010MapViewer\Debug\AVP2010MapViewer.exe : fatal error LNK1120: неразрешенных внешних элементов: 1
